0 info it worked if it ends with ok
1 verbose cli [ 'node', '/home/daniel-garcia/.local/bin/npm', 'run', 'test' ]
2 info using npm@1.4.23
3 info using node@v0.10.24
4 verbose run-script [ 'pretest', 'test', 'posttest' ]
5 info pretest silkroad-js@0.0.1
6 info test silkroad-js@0.0.1
7 verbose unsafe-perm in lifecycle true
8 info silkroad-js@0.0.1 Failed to exec test script
9 error silkroad-js@0.0.1 test: `node --debug test/node/test-suite`
9 error Exit status 8
10 error Failed at the silkroad-js@0.0.1 test script.
10 error This is most likely a problem with the silkroad-js package,
10 error not with npm itself.
10 error Tell the author that this fails on your system:
10 error     node --debug test/node/test-suite
10 error You can get their info via:
10 error     npm owner ls silkroad-js
10 error There is likely additional logging output above.
11 error System Linux 3.13.0-24-generic
12 error command "node" "/home/daniel-garcia/.local/bin/npm" "run" "test"
13 error cwd /home/daniel-garcia/Desarrollo/silkroad-js
14 error node -v v0.10.24
15 error npm -v 1.4.23
16 error code ELIFECYCLE
17 verbose exit [ 1, true ]
